Determining if the pthread_create exist failed with the following output:
Change Dir: /home/mobmonrob/ws_moveit/build/CMakeFiles/CMakeTmp

Run Build Command:/usr/bin/make "cmTryCompileExec478464073/fast"
/usr/bin/make -f CMakeFiles/cmTryCompileExec478464073.dir/build.make CMakeFiles/cmTryCompileExec478464073.dir/build
make[1]: Verzeichnis »/home/mobmonrob/ws_moveit/build/CMakeFiles/CMakeTmp« wird betreten
/usr/bin/cmake -E cmake_progress_report /home/mobmonrob/ws_moveit/build/CMakeFiles/CMakeTmp/CMakeFiles 1
Building C object CMakeFiles/cmTryCompileExec478464073.dir/CheckSymbolExists.c.o
/usr/bin/cc    -o CMakeFiles/cmTryCompileExec478464073.dir/CheckSymbolExists.c.o   -c /home/mobmonrob/ws_moveit/build/CMakeFiles/CMakeTmp/CheckSymbolExists.c
Linking C executable cmTryCompileExec478464073
/usr/bin/cmake -E cmake_link_script CMakeFiles/cmTryCompileExec478464073.dir/link.txt --verbose=1
/usr/bin/cc       CMakeFiles/cmTryCompileExec478464073.dir/CheckSymbolExists.c.o  -o cmTryCompileExec478464073 -rdynamic 
CMakeFiles/cmTryCompileExec478464073.dir/CheckSymbolExists.c.o: In Funktion `main':
CheckSymbolExists.c:(.text+0x16): Nicht definierter Verweis auf `pthread_create'
collect2: error: ld returned 1 exit status
make[1]: Verzeichnis »/home/mobmonrob/ws_moveit/build/CMakeFiles/CMakeTmp« wird verlassen
make[1]: *** [cmTryCompileExec478464073] Fehler 1
make: *** [cmTryCompileExec478464073/fast] Fehler 2

File /home/mobmonrob/ws_moveit/build/CMakeFiles/CMakeTmp/CheckSymbolExists.c:
/* */
#include <pthread.h>

int main(int argc, char** argv)
{
  (void)argv;
#ifndef pthread_create
  return ((int*)(&pthread_create))[argc];
#else
  (void)argc;
  return 0;
#endif
}

Determining if the function pthread_create exists in the pthreads failed with the following output:
Change Dir: /home/mobmonrob/ws_moveit/build/CMakeFiles/CMakeTmp

Run Build Command:/usr/bin/make "cmTryCompileExec443184331/fast"
/usr/bin/make -f CMakeFiles/cmTryCompileExec443184331.dir/build.make CMakeFiles/cmTryCompileExec443184331.dir/build
make[1]: Verzeichnis »/home/mobmonrob/ws_moveit/build/CMakeFiles/CMakeTmp« wird betreten
/usr/bin/cmake -E cmake_progress_report /home/mobmonrob/ws_moveit/build/CMakeFiles/CMakeTmp/CMakeFiles 1
Building C object CMakeFiles/cmTryCompileExec443184331.dir/CheckFunctionExists.c.o
/usr/bin/cc   -DCHECK_FUNCTION_EXISTS=pthread_create   -o CMakeFiles/cmTryCompileExec443184331.dir/CheckFunctionExists.c.o   -c /usr/share/cmake-2.8/Modules/CheckFunctionExists.c
Linking C executable cmTryCompileExec443184331
/usr/bin/cmake -E cmake_link_script CMakeFiles/cmTryCompileExec443184331.dir/link.txt --verbose=1
/usr/bin/cc   -DCHECK_FUNCTION_EXISTS=pthread_create    CMakeFiles/cmTryCompileExec443184331.dir/CheckFunctionExists.c.o  -o cmTryCompileExec443184331 -rdynamic -lpthreads 
/usr/bin/ld: cannot find -lpthreads
collect2: error: ld returned 1 exit status
make[1]: Verzeichnis »/home/mobmonrob/ws_moveit/build/CMakeFiles/CMakeTmp« wird verlassen
make[1]: *** [cmTryCompileExec443184331] Fehler 1
make: *** [cmTryCompileExec443184331/fast] Fehler 2


